<?xml version="1.0" encoding="UTF-8"?>
<testng-results ignored="0" total="1" passed="1" failed="0" skipped="0">
  <reporter-output>
  </reporter-output>
  <suite started-at="2019-11-11T09:19:31Z" name="Default suite" finished-at="2019-11-11T09:19:31Z" duration-ms="32">
    <groups>
    </groups>
    <test started-at="2019-11-11T09:19:31Z" name="Default test" finished-at="2019-11-11T09:19:31Z" duration-ms="32">
      <class name="pack.TestJenkins">
        <test-method signature="justchecking()[pri:0, instance:pack.TestJenkins@40e6dfe1]" started-at="2019-11-11T09:19:31Z" name="justchecking" finished-at="2019-11-11T09:19:31Z" duration-ms="14" status="PASS">
          <reporter-output>
          </reporter-output>
        </test-method> <!-- justchecking -->
      </class> <!-- pack.TestJenkins -->
    </test> <!-- Default test -->
  </suite> <!-- Default suite -->
</testng-results>
